0 info it worked if it ends with ok
1 verbose cli [ 'C:\\Program Files\\nodejs\\node.exe',
1 verbose cli   'C:\\Users\\AF72770\\AppData\\Roaming\\npm\\node_modules\\npm\\bin\\npm-cli.js',
1 verbose cli   'run',
1 verbose cli   'start' ]
2 info using npm@3.10.10
3 info using node@v8.9.4
4 verbose run-script [ 'prestart', 'start', 'poststart' ]
5 info lifecycle angular-bp@0.0.0~prestart: angular-bp@0.0.0
6 silly lifecycle angular-bp@0.0.0~prestart: no script for prestart, continuing
7 info lifecycle angular-bp@0.0.0~start: angular-bp@0.0.0
8 verbose lifecycle angular-bp@0.0.0~start: unsafe-perm in lifecycle true
9 verbose lifecycle angular-bp@0.0.0~start: PATH: C:\Users\AF72770\AppData\Roaming\npm\node_modules\npm\bin\node-gyp-bin;C:\Users\AF72770\Documents\bpreimagine-ng-3-15\node_modules\.bin;C:\Program Files (x86)\RSA SecurID Token Common;C:\Program Files\RSA SecurID Token Common;C:\WINDOWS\system32;C:\WINDOWS;C:\WINDOWS\System32\Wbem;C:\WINDOWS\System32\WindowsPowerShell\v1.0\;C:\WINDOWS\System32\WindowsPowerShell\v1.0\;C:\Program Files (x86)\QuickTime\QTSystem\;C:\Program Files\McAfee\Solidcore\Tools\GatherInfo;C:\Program Files\McAfee\Solidcore\Tools\Scanalyzer;C:\Program Files\McAfee\Solidcore\;C:\Program Files\McAfee\Solidcore\Tools\ScGetCerts;C:\Program Files\Git\cmd;C:\Program Files\nodejs\;C:\Users\AF72770\AppData\Local\atom\bin;C:\ProgramData\AF72770\atom\bin;C:\Program Files\Microsoft VS Code\bin;C:\Program Files\nodejs\node_modules\npm\bin;C:\Users\AF72770\AppData\Roaming\npm;C:\Users\Microsoft VS Code\bin
10 verbose lifecycle angular-bp@0.0.0~start: CWD: C:\Users\AF72770\Documents\bpreimagine-ng-3-15
11 silly lifecycle angular-bp@0.0.0~start: Args: [ '/d /s /c', 'ng serve' ]
12 verbose stack Error: kill ENOSYS
12 verbose stack     at Object._errnoException (util.js:1022:11)
12 verbose stack     at process.kill (internal/process.js:183:18)
12 verbose stack     at process.listener (C:\Users\AF72770\AppData\Roaming\npm\node_modules\npm\node_modules\npmlog\node_modules\gauge\node_modules\signal-exit\index.js:86:15)
12 verbose stack     at emitNone (events.js:111:20)
12 verbose stack     at process.emit (events.js:208:7)
12 verbose stack     at processEmit (C:\Users\AF72770\AppData\Roaming\npm\node_modules\npm\node_modules\npmlog\node_modules\gauge\node_modules\signal-exit\index.js:146:32)
12 verbose stack     at processEmit (C:\Users\AF72770\AppData\Roaming\npm\node_modules\npm\node_modules\npm-registry-client\node_modules\npmlog\node_modules\gauge\node_modules\signal-exit\index.js:146:32)
12 verbose stack     at Signal.wrap.onsignal (internal/process.js:208:44)
13 verbose cwd C:\Users\AF72770\Documents\bpreimagine-ng-3-15\src
14 error Windows_NT 6.1.7601
15 error argv "C:\\Program Files\\nodejs\\node.exe" "C:\\Users\\AF72770\\AppData\\Roaming\\npm\\node_modules\\npm\\bin\\npm-cli.js" "run" "start"
16 error node v8.9.4
17 error npm  v3.10.10
18 error code ENOSYS
19 error errno ENOSYS
20 error syscall kill
21 error kill ENOSYS
22 error If you need help, you may report this error at:
22 error     <https://github.com/npm/npm/issues>
23 verbose exit [ 1, true ]
